<?xml version="1.0" encoding="UTF-8"?>
<testng-results ignored="0" total="1" passed="1" failed="0" skipped="0">
  <reporter-output>
  </reporter-output>
  <suite started-at="2023-10-14T01:29:30 IST" name="Default suite" finished-at="2023-10-14T01:29:45 IST" duration-ms="14672">
    <groups>
    </groups>
    <test started-at="2023-10-14T01:29:30 IST" name="Default test" finished-at="2023-10-14T01:29:45 IST" duration-ms="14672">
      <class name="rahulshettyacademy.ExtentReports.ExtentReportDemo">
        <test-method is-config="true" signature="config()[pri:0, instance:rahulshettyacademy.ExtentReports.ExtentReportDemo@60bd273d]" started-at="2023-10-14T01:29:30 IST" name="config" finished-at="2023-10-14T01:29:31 IST" duration-ms="500" status="PASS">
          <reporter-output>
          </reporter-output>
        </test-method> <!-- config -->
        <test-method signature="initialTest()[pri:0, instance:rahulshettyacademy.ExtentReports.ExtentReportDemo@60bd273d]" started-at="2023-10-14T01:29:31 IST" name="initialTest" finished-at="2023-10-14T01:29:45 IST" duration-ms="14046" status="PASS">
          <reporter-output>
          </reporter-output>
        </test-method> <!-- initialTest -->
      </class> <!-- rahulshettyacademy.ExtentReports.ExtentReportDemo -->
    </test> <!-- Default test -->
  </suite> <!-- Default suite -->
</testng-results>
